11/12/2024 12:26:49 PM - INFO: 5277e400-8088-4e85-9a2b-0aa844766e16 - Received data to log
11/12/2024 12:26:49 PM - INFO: 5277e400-8088-4e85-9a2b-0aa844766e16 - Check if user or email exists
11/12/2024 12:26:50 PM - INFO: 5277e400-8088-4e85-9a2b-0aa844766e16 - Get user
11/12/2024 12:26:50 PM - INFO: 5277e400-8088-4e85-9a2b-0aa844766e16 - Compare passwords and user confirmation
11/12/2024 12:35:04 PM - INFO: 1b6a705a-d212-43f5-880d-ff6480d9510b - Received data to log
11/12/2024 12:35:04 PM - INFO: 1b6a705a-d212-43f5-880d-ff6480d9510b - Check if user or email exists
11/12/2024 12:35:05 PM - INFO: 1b6a705a-d212-43f5-880d-ff6480d9510b - Get user
11/12/2024 12:35:05 PM - INFO: 1b6a705a-d212-43f5-880d-ff6480d9510b - Compare passwords and user confirmation
11/12/2024 12:36:04 PM - INFO: a83cffa9-cb6a-4641-85b6-fc29dc8ed3f9 - Received data to log
11/12/2024 12:36:04 PM - INFO: a83cffa9-cb6a-4641-85b6-fc29dc8ed3f9 - Check if user or email exists
11/12/2024 12:36:05 PM - INFO: a83cffa9-cb6a-4641-85b6-fc29dc8ed3f9 - Get user
11/12/2024 12:36:05 PM - INFO: a83cffa9-cb6a-4641-85b6-fc29dc8ed3f9 - Compare passwords and user confirmation
11/12/2024 12:47:21 PM - INFO: 077b2236-63f3-43c4-bcb0-4c3fe3a6878a - Received data to log
11/12/2024 12:47:21 PM - INFO: 077b2236-63f3-43c4-bcb0-4c3fe3a6878a - Check if user or email exists
11/12/2024 12:47:22 PM - INFO: 077b2236-63f3-43c4-bcb0-4c3fe3a6878a - Get user
11/12/2024 12:47:22 PM - INFO: 077b2236-63f3-43c4-bcb0-4c3fe3a6878a - Compare passwords and user confirmation
11/12/2024 12:47:42 PM - INFO: 51f06f99-e897-4b84-8593-5f6c70c1dc29 - Received data to log
11/12/2024 12:48:23 PM - INFO: 51f06f99-e897-4b84-8593-5f6c70c1dc29 - Check if user or email exists
11/12/2024 12:49:33 PM - INFO: 51f06f99-e897-4b84-8593-5f6c70c1dc29 - Get user
11/12/2024 12:49:36 PM - INFO: 51f06f99-e897-4b84-8593-5f6c70c1dc29 - Compare passwords and user confirmation
11/12/2024 03:06:04 PM - INFO: c2ad27e1-1d33-4249-971a-c5987ab36235 - Received data to log
11/12/2024 03:06:21 PM - INFO: c2ad27e1-1d33-4249-971a-c5987ab36235 - Check if user or email exists
11/12/2024 03:06:49 PM - INFO: c2ad27e1-1d33-4249-971a-c5987ab36235 - Get user
11/12/2024 03:07:48 PM - INFO: c2ad27e1-1d33-4249-971a-c5987ab36235 - Compare passwords and user confirmation
11/12/2024 03:21:10 PM - INFO: 91f3f716-d12e-4254-8eb8-09edb1730ac2 - Received data to log
11/12/2024 03:21:10 PM - INFO: 91f3f716-d12e-4254-8eb8-09edb1730ac2 - Check if user or email exists
11/12/2024 03:21:11 PM - INFO: 91f3f716-d12e-4254-8eb8-09edb1730ac2 - Get user
11/12/2024 03:21:11 PM - INFO: 91f3f716-d12e-4254-8eb8-09edb1730ac2 - Compare passwords and user confirmation
11/12/2024 03:21:21 PM - INFO: d1833015-d58d-4a80-98fe-313f611f8c5d - Received data to log
11/12/2024 03:21:21 PM - INFO: d1833015-d58d-4a80-98fe-313f611f8c5d - Check if user or email exists
11/12/2024 03:21:22 PM - INFO: d1833015-d58d-4a80-98fe-313f611f8c5d - Get user
11/12/2024 03:21:22 PM - INFO: d1833015-d58d-4a80-98fe-313f611f8c5d - Compare passwords and user confirmation
11/12/2024 03:26:40 PM - INFO: b726bb89-cd7c-4eb3-a908-21eab80ee99c - Received data to log
11/12/2024 03:26:40 PM - INFO: b726bb89-cd7c-4eb3-a908-21eab80ee99c - Check if user or email exists
11/12/2024 03:26:41 PM - INFO: b726bb89-cd7c-4eb3-a908-21eab80ee99c - Get user
11/12/2024 03:26:41 PM - INFO: b726bb89-cd7c-4eb3-a908-21eab80ee99c - Compare passwords and user confirmation
11/12/2024 03:32:23 PM - INFO: e5ed6d91-256e-46ca-a696-15eaf9ccdf4c - Received data to log
11/12/2024 03:32:23 PM - INFO: e5ed6d91-256e-46ca-a696-15eaf9ccdf4c - Check if user or email exists
11/12/2024 03:32:24 PM - INFO: e5ed6d91-256e-46ca-a696-15eaf9ccdf4c - Get user
11/12/2024 03:32:24 PM - INFO: e5ed6d91-256e-46ca-a696-15eaf9ccdf4c - Compare passwords and user confirmation
11/12/2024 03:33:45 PM - INFO: 68dfaed3-ddab-46ec-a613-6748da461fd0 - Received data to log
11/12/2024 03:33:51 PM - INFO: 68dfaed3-ddab-46ec-a613-6748da461fd0 - Check if user or email exists
11/12/2024 03:33:59 PM - INFO: 68dfaed3-ddab-46ec-a613-6748da461fd0 - Get user
11/12/2024 03:34:01 PM - INFO: 68dfaed3-ddab-46ec-a613-6748da461fd0 - Compare passwords and user confirmation
11/12/2024 03:41:12 PM - INFO: 565622cf-c8fb-4777-9fc3-4f3fef2ad17a - Received data to log
11/12/2024 03:41:12 PM - INFO: 565622cf-c8fb-4777-9fc3-4f3fef2ad17a - Check if user or email exists
11/12/2024 03:41:15 PM - INFO: 565622cf-c8fb-4777-9fc3-4f3fef2ad17a - Get user
11/12/2024 03:41:16 PM - INFO: 565622cf-c8fb-4777-9fc3-4f3fef2ad17a - Compare passwords and user confirmation
11/12/2024 03:46:25 PM - INFO: 3e20cbed-d81d-449d-9992-6459280f3aed - Received data to log
11/12/2024 03:46:25 PM - INFO: 3e20cbed-d81d-449d-9992-6459280f3aed - Check if user or email exists
11/12/2024 03:46:26 PM - INFO: 3e20cbed-d81d-449d-9992-6459280f3aed - Get user
11/12/2024 03:46:26 PM - INFO: 3e20cbed-d81d-449d-9992-6459280f3aed - Compare passwords and user confirmation
11/12/2024 03:47:18 PM - INFO: 868b8e0c-d73b-4f53-8349-a46611ccfd84 - Received data to log
11/12/2024 03:47:18 PM - INFO: 868b8e0c-d73b-4f53-8349-a46611ccfd84 - Check if user or email exists
11/12/2024 03:47:20 PM - INFO: 868b8e0c-d73b-4f53-8349-a46611ccfd84 - Get user
11/12/2024 03:47:20 PM - INFO: 868b8e0c-d73b-4f53-8349-a46611ccfd84 - Compare passwords and user confirmation
11/12/2024 03:52:04 PM - INFO: b11830ec-5f04-4a0d-b8d7-97000af7f513 - Received data to log
11/12/2024 03:52:04 PM - INFO: b11830ec-5f04-4a0d-b8d7-97000af7f513 - Check if user or email exists
11/12/2024 03:52:05 PM - INFO: b11830ec-5f04-4a0d-b8d7-97000af7f513 - Get user
11/12/2024 03:52:05 PM - INFO: b11830ec-5f04-4a0d-b8d7-97000af7f513 - Compare passwords and user confirmation
11/12/2024 03:53:18 PM - INFO: 196aad24-041e-466f-919e-60b522f38a5b - Received data to log
11/12/2024 03:53:18 PM - INFO: 196aad24-041e-466f-919e-60b522f38a5b - Check if user or email exists
11/12/2024 03:53:19 PM - INFO: 196aad24-041e-466f-919e-60b522f38a5b - Get user
11/12/2024 03:53:19 PM - INFO: 196aad24-041e-466f-919e-60b522f38a5b - Compare passwords and user confirmation
11/12/2024 03:53:20 PM - ERROR: 196aad24-041e-466f-919e-60b522f38a5b - Error: InvalidParameterError : Parameter error - Invalid credentials, LocationError.Body
11/12/2024 04:00:00 PM - INFO: 8a40b560-48fb-41a2-baae-cfbbded32fe1 - Received data to log
11/12/2024 04:00:00 PM - INFO: 8a40b560-48fb-41a2-baae-cfbbded32fe1 - Check if user or email exists
11/12/2024 04:00:01 PM - INFO: 8a40b560-48fb-41a2-baae-cfbbded32fe1 - Get user
11/12/2024 04:00:01 PM - INFO: 8a40b560-48fb-41a2-baae-cfbbded32fe1 - Compare passwords and user confirmation
11/12/2024 04:00:02 PM - ERROR: 8a40b560-48fb-41a2-baae-cfbbded32fe1 - Error: InvalidParameterError : Parameter error - Invalid credentials, request.body
11/13/2024 02:55:31 PM - INFO: 8e93c826-02ac-4386-aa06-aa99d17ca3ef - Received data to log
11/13/2024 02:55:31 PM - INFO: 8e93c826-02ac-4386-aa06-aa99d17ca3ef - Check if user or email exists
11/13/2024 02:55:32 PM - INFO: 8e93c826-02ac-4386-aa06-aa99d17ca3ef - Get user
11/13/2024 02:55:32 PM - INFO: 8e93c826-02ac-4386-aa06-aa99d17ca3ef - Compare passwords and user confirmation
11/13/2024 02:55:33 PM - ERROR: 8e93c826-02ac-4386-aa06-aa99d17ca3ef - Error: InvalidParameterError : Parameter error - Invalid credentials, request.body
11/13/2024 02:56:23 PM - INFO: 2047781a-ddb3-43a7-871f-a97cbf0c014c - Received data to log
11/13/2024 02:56:23 PM - INFO: 2047781a-ddb3-43a7-871f-a97cbf0c014c - Check if user or email exists
11/13/2024 02:56:23 PM - INFO: 2047781a-ddb3-43a7-871f-a97cbf0c014c - Get user
11/13/2024 02:56:23 PM - INFO: 2047781a-ddb3-43a7-871f-a97cbf0c014c - Compare passwords and user confirmation
11/13/2024 02:56:23 PM - ERROR: 2047781a-ddb3-43a7-871f-a97cbf0c014c - Error: InvalidParameterError : Parameter error - Invalid credentials, request.body
11/13/2024 02:56:41 PM - INFO: b6a5ddef-5ec2-4560-bcfb-243331ead25b - Received data to log
11/13/2024 02:56:41 PM - INFO: b6a5ddef-5ec2-4560-bcfb-243331ead25b - Check if user or email exists
11/13/2024 02:56:42 PM - INFO: b6a5ddef-5ec2-4560-bcfb-243331ead25b - Get user
11/13/2024 02:56:42 PM - INFO: b6a5ddef-5ec2-4560-bcfb-243331ead25b - Compare passwords and user confirmation
11/13/2024 02:56:42 PM - INFO: b6a5ddef-5ec2-4560-bcfb-243331ead25b - Create tokens
11/13/2024 02:56:42 PM - INFO: b6a5ddef-5ec2-4560-bcfb-243331ead25b - Save refresh token
11/13/2024 02:56:43 PM - INFO: b6a5ddef-5ec2-4560-bcfb-243331ead25b - User successfully logged in: maria22
11/13/2024 02:59:52 PM - INFO: cc178b2b-729b-489e-96d0-c6a1a3fc9aa2 - Received data to refresh token
11/13/2024 02:59:52 PM - INFO: cc178b2b-729b-489e-96d0-c6a1a3fc9aa2 - Verify token
11/13/2024 02:59:52 PM - ERROR: cc178b2b-729b-489e-96d0-c6a1a3fc9aa2 - Invalid token or signature verification failed
